{"C:\\Users\\Sam\\Desktop\\CRUD Koa-graphql\\src\\global.utils\\error.handler.ts": {"path":"C:\\Users\\Sam\\Desktop\\CRUD Koa-graphql\\src\\global.utils\\error.handler.ts","statementMap":{"0":{"start":{"line":9,"column":2},"end":{"line":14,"column":4}},"1":{"start":{"line":25,"column":2},"end":{"line":30,"column":4}}},"fnMap":{"0":{"name":"promiseError","decl":{"start":{"line":8,"column":16},"end":{"line":8,"column":28}},"loc":{"start":{"line":8,"column":59},"end":{"line":15,"column":1}},"line":8},"1":{"name":"invalidIdError","decl":{"start":{"line":24,"column":16},"end":{"line":24,"column":30}},"loc":{"start":{"line":24,"column":59},"end":{"line":31,"column":1}},"line":24}},"branchMap":{},"s":{"0":6,"1":4},"f":{"0":6,"1":4},"b":{},"_coverageSchema":"1a1c01bbd47fc00a2c39e90264f33305004495a9","hash":"c3c0ea24659ef32f7997eb3f2e6712547aaf709f"}
,"C:\\Users\\Sam\\Desktop\\CRUD Koa-graphql\\src\\global.utils\\status.code.ts": {"path":"C:\\Users\\Sam\\Desktop\\CRUD Koa-graphql\\src\\global.utils\\status.code.ts","statementMap":{},"fnMap":{},"branchMap":{},"s":{},"f":{},"b":{},"_coverageSchema":"1a1c01bbd47fc00a2c39e90264f33305004495a9","hash":"4d9772df30b6d02d3820ff0a7f1c2698f09be7ed"}
,"C:\\Users\\Sam\\Desktop\\CRUD Koa-graphql\\src\\user\\controllers\\user.controller.ts": {"path":"C:\\Users\\Sam\\Desktop\\CRUD Koa-graphql\\src\\user\\controllers\\user.controller.ts","statementMap":{"0":{"start":{"line":11,"column":20},"end":{"line":11,"column":51}},"1":{"start":{"line":13,"column":4},"end":{"line":16,"column":5}},"2":{"start":{"line":14,"column":6},"end":{"line":14,"column":65}},"3":{"start":{"line":15,"column":6},"end":{"line":15,"column":13}},"4":{"start":{"line":17,"column":4},"end":{"line":17,"column":44}},"5":{"start":{"line":21,"column":20},"end":{"line":21,"column":65}},"6":{"start":{"line":23,"column":4},"end":{"line":26,"column":5}},"7":{"start":{"line":24,"column":6},"end":{"line":24,"column":65}},"8":{"start":{"line":25,"column":6},"end":{"line":25,"column":13}},"9":{"start":{"line":28,"column":4},"end":{"line":31,"column":5}},"10":{"start":{"line":29,"column":6},"end":{"line":29,"column":55}},"11":{"start":{"line":30,"column":6},"end":{"line":30,"column":13}},"12":{"start":{"line":33,"column":4},"end":{"line":33,"column":44}},"13":{"start":{"line":37,"column":4},"end":{"line":40,"column":5}},"14":{"start":{"line":38,"column":6},"end":{"line":38,"column":75}},"15":{"start":{"line":39,"column":6},"end":{"line":39,"column":13}},"16":{"start":{"line":42,"column":17},"end":{"line":42,"column":25}},"17":{"start":{"line":43,"column":22},"end":{"line":43,"column":39}},"18":{"start":{"line":45,"column":4},"end":{"line":52,"column":5}},"19":{"start":{"line":46,"column":22},"end":{"line":46,"column":62}},"20":{"start":{"line":47,"column":6},"end":{"line":49,"column":7}},"21":{"start":{"line":48,"column":8},"end":{"line":48,"column":67}},"22":{"start":{"line":51,"column":6},"end":{"line":51,"column":51}},"23":{"start":{"line":56,"column":4},"end":{"line":59,"column":5}},"24":{"start":{"line":57,"column":6},"end":{"line":57,"column":75}},"25":{"start":{"line":58,"column":6},"end":{"line":58,"column":13}},"26":{"start":{"line":61,"column":17},"end":{"line":61,"column":51}},"27":{"start":{"line":62,"column":22},"end":{"line":62,"column":39}},"28":{"start":{"line":64,"column":4},"end":{"line":78,"column":5}},"29":{"start":{"line":65,"column":22},"end":{"line":65,"column":77}},"30":{"start":{"line":67,"column":6},"end":{"line":70,"column":7}},"31":{"start":{"line":68,"column":8},"end":{"line":68,"column":67}},"32":{"start":{"line":69,"column":8},"end":{"line":69,"column":15}},"33":{"start":{"line":72,"column":6},"end":{"line":75,"column":7}},"34":{"start":{"line":73,"column":8},"end":{"line":73,"column":57}},"35":{"start":{"line":74,"column":8},"end":{"line":74,"column":15}},"36":{"start":{"line":77,"column":6},"end":{"line":77,"column":46}},"37":{"start":{"line":82,"column":20},"end":{"line":82,"column":64}},"38":{"start":{"line":84,"column":4},"end":{"line":86,"column":5}},"39":{"start":{"line":85,"column":6},"end":{"line":85,"column":65}},"40":{"start":{"line":88,"column":4},"end":{"line":90,"column":5}},"41":{"start":{"line":89,"column":6},"end":{"line":89,"column":55}},"42":{"start":{"line":92,"column":4},"end":{"line":92,"column":44}}},"fnMap":{"0":{"name":"(anonymous_0)","decl":{"start":{"line":8,"column":2},"end":{"line":8,"column":3}},"loc":{"start":{"line":8,"column":57},"end":{"line":8,"column":59}},"line":8},"1":{"name":"(anonymous_1)","decl":{"start":{"line":10,"column":2},"end":{"line":10,"column":3}},"loc":{"start":{"line":10,"column":44},"end":{"line":18,"column":3}},"line":10},"2":{"name":"(anonymous_2)","decl":{"start":{"line":20,"column":2},"end":{"line":20,"column":3}},"loc":{"start":{"line":20,"column":45},"end":{"line":34,"column":3}},"line":20},"3":{"name":"(anonymous_3)","decl":{"start":{"line":36,"column":2},"end":{"line":36,"column":3}},"loc":{"start":{"line":36,"column":44},"end":{"line":53,"column":3}},"line":36},"4":{"name":"(anonymous_4)","decl":{"start":{"line":55,"column":2},"end":{"line":55,"column":3}},"loc":{"start":{"line":55,"column":44},"end":{"line":79,"column":3}},"line":55},"5":{"name":"(anonymous_5)","decl":{"start":{"line":81,"column":2},"end":{"line":81,"column":3}},"loc":{"start":{"line":81,"column":44},"end":{"line":93,"column":3}},"line":81}},"branchMap":{"0":{"loc":{"start":{"line":13,"column":4},"end":{"line":16,"column":5}},"type":"if","locations":[{"start":{"line":13,"column":4},"end":{"line":16,"column":5}},{"start":{},"end":{}}],"line":13},"1":{"loc":{"start":{"line":23,"column":4},"end":{"line":26,"column":5}},"type":"if","locations":[{"start":{"line":23,"column":4},"end":{"line":26,"column":5}},{"start":{},"end":{}}],"line":23},"2":{"loc":{"start":{"line":28,"column":4},"end":{"line":31,"column":5}},"type":"if","locations":[{"start":{"line":28,"column":4},"end":{"line":31,"column":5}},{"start":{},"end":{}}],"line":28},"3":{"loc":{"start":{"line":37,"column":4},"end":{"line":40,"column":5}},"type":"if","locations":[{"start":{"line":37,"column":4},"end":{"line":40,"column":5}},{"start":{},"end":{}}],"line":37},"4":{"loc":{"start":{"line":45,"column":4},"end":{"line":52,"column":5}},"type":"if","locations":[{"start":{"line":45,"column":4},"end":{"line":52,"column":5}},{"start":{},"end":{}}],"line":45},"5":{"loc":{"start":{"line":47,"column":6},"end":{"line":49,"column":7}},"type":"if","locations":[{"start":{"line":47,"column":6},"end":{"line":49,"column":7}},{"start":{},"end":{}}],"line":47},"6":{"loc":{"start":{"line":56,"column":4},"end":{"line":59,"column":5}},"type":"if","locations":[{"start":{"line":56,"column":4},"end":{"line":59,"column":5}},{"start":{},"end":{}}],"line":56},"7":{"loc":{"start":{"line":64,"column":4},"end":{"line":78,"column":5}},"type":"if","locations":[{"start":{"line":64,"column":4},"end":{"line":78,"column":5}},{"start":{},"end":{}}],"line":64},"8":{"loc":{"start":{"line":67,"column":6},"end":{"line":70,"column":7}},"type":"if","locations":[{"start":{"line":67,"column":6},"end":{"line":70,"column":7}},{"start":{},"end":{}}],"line":67},"9":{"loc":{"start":{"line":72,"column":6},"end":{"line":75,"column":7}},"type":"if","locations":[{"start":{"line":72,"column":6},"end":{"line":75,"column":7}},{"start":{},"end":{}}],"line":72},"10":{"loc":{"start":{"line":84,"column":4},"end":{"line":86,"column":5}},"type":"if","locations":[{"start":{"line":84,"column":4},"end":{"line":86,"column":5}},{"start":{},"end":{}}],"line":84},"11":{"loc":{"start":{"line":88,"column":4},"end":{"line":90,"column":5}},"type":"if","locations":[{"start":{"line":88,"column":4},"end":{"line":90,"column":5}},{"start":{},"end":{}}],"line":88}},"s":{"0":2,"1":2,"2":1,"3":1,"4":1,"5":2,"6":2,"7":1,"8":1,"9":1,"10":0,"11":0,"12":1,"13":2,"14":0,"15":0,"16":2,"17":2,"18":2,"19":2,"20":2,"21":1,"22":2,"23":2,"24":0,"25":0,"26":2,"27":2,"28":2,"29":2,"30":2,"31":0,"32":0,"33":2,"34":0,"35":0,"36":2,"37":2,"38":2,"39":0,"40":2,"41":0,"42":2},"f":{"0":3,"1":2,"2":2,"3":2,"4":2,"5":2},"b":{"0":[1,1],"1":[1,1],"2":[0,1],"3":[0,2],"4":[2,0],"5":[1,1],"6":[0,2],"7":[2,0],"8":[0,2],"9":[0,2],"10":[0,2],"11":[0,2]},"_coverageSchema":"1a1c01bbd47fc00a2c39e90264f33305004495a9","hash":"760d3ef29bf7cb16688872bdc30af160e7905ae2"}
,"C:\\Users\\Sam\\Desktop\\CRUD Koa-graphql\\src\\user\\dtos\\user.dto.ts": {"path":"C:\\Users\\Sam\\Desktop\\CRUD Koa-graphql\\src\\user\\dtos\\user.dto.ts","statementMap":{"0":{"start":{"line":18,"column":4},"end":{"line":18,"column":44}},"1":{"start":{"line":19,"column":4},"end":{"line":19,"column":47}},"2":{"start":{"line":20,"column":4},"end":{"line":20,"column":41}},"3":{"start":{"line":21,"column":4},"end":{"line":21,"column":41}},"4":{"start":{"line":25,"column":4},"end":{"line":27,"column":5}},"5":{"start":{"line":26,"column":6},"end":{"line":26,"column":18}},"6":{"start":{"line":28,"column":4},"end":{"line":28,"column":39}},"7":{"start":{"line":31,"column":4},"end":{"line":33,"column":5}},"8":{"start":{"line":32,"column":6},"end":{"line":32,"column":19}},"9":{"start":{"line":34,"column":4},"end":{"line":34,"column":40}},"10":{"start":{"line":37,"column":4},"end":{"line":39,"column":5}},"11":{"start":{"line":38,"column":6},"end":{"line":38,"column":17}},"12":{"start":{"line":40,"column":4},"end":{"line":40,"column":38}},"13":{"start":{"line":43,"column":4},"end":{"line":45,"column":5}},"14":{"start":{"line":44,"column":6},"end":{"line":44,"column":17}},"15":{"start":{"line":46,"column":4},"end":{"line":46,"column":38}}},"fnMap":{"0":{"name":"(anonymous_0)","decl":{"start":{"line":17,"column":2},"end":{"line":17,"column":3}},"loc":{"start":{"line":17,"column":34},"end":{"line":22,"column":3}},"line":17},"1":{"name":"(anonymous_1)","decl":{"start":{"line":24,"column":2},"end":{"line":24,"column":3}},"loc":{"start":{"line":24,"column":36},"end":{"line":29,"column":3}},"line":24},"2":{"name":"(anonymous_2)","decl":{"start":{"line":30,"column":2},"end":{"line":30,"column":3}},"loc":{"start":{"line":30,"column":38},"end":{"line":35,"column":3}},"line":30},"3":{"name":"(anonymous_3)","decl":{"start":{"line":36,"column":2},"end":{"line":36,"column":3}},"loc":{"start":{"line":36,"column":34},"end":{"line":41,"column":3}},"line":36},"4":{"name":"(anonymous_4)","decl":{"start":{"line":42,"column":2},"end":{"line":42,"column":3}},"loc":{"start":{"line":42,"column":34},"end":{"line":47,"column":3}},"line":42}},"branchMap":{"0":{"loc":{"start":{"line":25,"column":4},"end":{"line":27,"column":5}},"type":"if","locations":[{"start":{"line":25,"column":4},"end":{"line":27,"column":5}},{"start":{},"end":{}}],"line":25},"1":{"loc":{"start":{"line":31,"column":4},"end":{"line":33,"column":5}},"type":"if","locations":[{"start":{"line":31,"column":4},"end":{"line":33,"column":5}},{"start":{},"end":{}}],"line":31},"2":{"loc":{"start":{"line":37,"column":4},"end":{"line":39,"column":5}},"type":"if","locations":[{"start":{"line":37,"column":4},"end":{"line":39,"column":5}},{"start":{},"end":{}}],"line":37},"3":{"loc":{"start":{"line":43,"column":4},"end":{"line":45,"column":5}},"type":"if","locations":[{"start":{"line":43,"column":4},"end":{"line":45,"column":5}},{"start":{},"end":{}}],"line":43}},"s":{"0":9,"1":8,"2":7,"3":6,"4":9,"5":8,"6":1,"7":8,"8":7,"9":1,"10":7,"11":6,"12":1,"13":6,"14":5,"15":1},"f":{"0":9,"1":9,"2":8,"3":7,"4":6},"b":{"0":[8,1],"1":[7,1],"2":[6,1],"3":[5,1]},"_coverageSchema":"1a1c01bbd47fc00a2c39e90264f33305004495a9","hash":"339c59c74ed30ecf2e205bddb462b334adec94d5"}
,"C:\\Users\\Sam\\Desktop\\CRUD Koa-graphql\\src\\user\\factories\\user.factory.ts": {"path":"C:\\Users\\Sam\\Desktop\\CRUD Koa-graphql\\src\\user\\factories\\user.factory.ts","statementMap":{"0":{"start":{"line":7,"column":25},"end":{"line":7,"column":54}},"1":{"start":{"line":8,"column":22},"end":{"line":8,"column":53}},"2":{"start":{"line":9,"column":25},"end":{"line":9,"column":56}},"3":{"start":{"line":10,"column":2},"end":{"line":10,"column":24}},"4":{"start":{"line":13,"column":20},"end":{"line":13,"column":33}}},"fnMap":{"0":{"name":"userFactory","decl":{"start":{"line":6,"column":16},"end":{"line":6,"column":27}},"loc":{"start":{"line":6,"column":30},"end":{"line":11,"column":1}},"line":6}},"branchMap":{},"s":{"0":2,"1":2,"2":2,"3":2,"4":1},"f":{"0":2},"b":{},"_coverageSchema":"1a1c01bbd47fc00a2c39e90264f33305004495a9","hash":"a0a3a59eb280f12d2690790968aed3958ffdcff8"}
,"C:\\Users\\Sam\\Desktop\\CRUD Koa-graphql\\src\\user\\models\\user.model.ts": {"path":"C:\\Users\\Sam\\Desktop\\CRUD Koa-graphql\\src\\user\\models\\user.model.ts","statementMap":{"0":{"start":{"line":4,"column":19},"end":{"line":21,"column":2}},"1":{"start":{"line":25,"column":38},"end":{"line":25,"column":63}}},"fnMap":{},"branchMap":{},"s":{"0":3,"1":3},"f":{},"b":{},"_coverageSchema":"1a1c01bbd47fc00a2c39e90264f33305004495a9","hash":"d87404fb12ecd6a36f305eb9bf58d9c44c3eed5a"}
,"C:\\Users\\Sam\\Desktop\\CRUD Koa-graphql\\src\\user\\repositories\\user.repository.ts": {"path":"C:\\Users\\Sam\\Desktop\\CRUD Koa-graphql\\src\\user\\repositories\\user.repository.ts","statementMap":{"0":{"start":{"line":8,"column":18},"end":{"line":8,"column":45}},"1":{"start":{"line":10,"column":4},"end":{"line":10,"column":17}},"2":{"start":{"line":14,"column":17},"end":{"line":14,"column":50}},"3":{"start":{"line":15,"column":4},"end":{"line":17,"column":5}},"4":{"start":{"line":16,"column":6},"end":{"line":16,"column":24}},"5":{"start":{"line":18,"column":4},"end":{"line":18,"column":16}},"6":{"start":{"line":22,"column":4},"end":{"line":22,"column":39}},"7":{"start":{"line":26,"column":24},"end":{"line":28,"column":6}},"8":{"start":{"line":29,"column":4},"end":{"line":31,"column":5}},"9":{"start":{"line":30,"column":6},"end":{"line":30,"column":24}},"10":{"start":{"line":32,"column":4},"end":{"line":32,"column":23}},"11":{"start":{"line":36,"column":24},"end":{"line":36,"column":66}},"12":{"start":{"line":37,"column":4},"end":{"line":39,"column":5}},"13":{"start":{"line":38,"column":6},"end":{"line":38,"column":24}},"14":{"start":{"line":40,"column":4},"end":{"line":40,"column":23}},"15":{"start":{"line":44,"column":20},"end":{"line":44,"column":49}}},"fnMap":{"0":{"name":"(anonymous_0)","decl":{"start":{"line":5,"column":2},"end":{"line":5,"column":3}},"loc":{"start":{"line":5,"column":55},"end":{"line":5,"column":57}},"line":5},"1":{"name":"(anonymous_1)","decl":{"start":{"line":7,"column":2},"end":{"line":7,"column":3}},"loc":{"start":{"line":7,"column":34},"end":{"line":11,"column":3}},"line":7},"2":{"name":"(anonymous_2)","decl":{"start":{"line":13,"column":2},"end":{"line":13,"column":3}},"loc":{"start":{"line":13,"column":43},"end":{"line":19,"column":3}},"line":13},"3":{"name":"(anonymous_3)","decl":{"start":{"line":21,"column":2},"end":{"line":21,"column":3}},"loc":{"start":{"line":21,"column":42},"end":{"line":23,"column":3}},"line":21},"4":{"name":"(anonymous_4)","decl":{"start":{"line":25,"column":2},"end":{"line":25,"column":3}},"loc":{"start":{"line":25,"column":54},"end":{"line":33,"column":3}},"line":25},"5":{"name":"(anonymous_5)","decl":{"start":{"line":35,"column":2},"end":{"line":35,"column":3}},"loc":{"start":{"line":35,"column":42},"end":{"line":41,"column":3}},"line":35}},"branchMap":{"0":{"loc":{"start":{"line":15,"column":4},"end":{"line":17,"column":5}},"type":"if","locations":[{"start":{"line":15,"column":4},"end":{"line":17,"column":5}},{"start":{},"end":{}}],"line":15},"1":{"loc":{"start":{"line":29,"column":4},"end":{"line":31,"column":5}},"type":"if","locations":[{"start":{"line":29,"column":4},"end":{"line":31,"column":5}},{"start":{},"end":{}}],"line":29},"2":{"loc":{"start":{"line":37,"column":4},"end":{"line":39,"column":5}},"type":"if","locations":[{"start":{"line":37,"column":4},"end":{"line":39,"column":5}},{"start":{},"end":{}}],"line":37}},"s":{"0":3,"1":3,"2":3,"3":3,"4":1,"5":2,"6":2,"7":3,"8":3,"9":1,"10":2,"11":3,"12":3,"13":1,"14":2,"15":2},"f":{"0":5,"1":3,"2":3,"3":2,"4":3,"5":3},"b":{"0":[1,2],"1":[1,2],"2":[1,2]},"_coverageSchema":"1a1c01bbd47fc00a2c39e90264f33305004495a9","hash":"b8df9ea5290c26fbb29b3206c93c58421e608a6e"}
,"C:\\Users\\Sam\\Desktop\\CRUD Koa-graphql\\src\\user\\services\\user.service.ts": {"path":"C:\\Users\\Sam\\Desktop\\CRUD Koa-graphql\\src\\user\\services\\user.service.ts","statementMap":{"0":{"start":{"line":12,"column":4},"end":{"line":18,"column":5}},"1":{"start":{"line":13,"column":20},"end":{"line":13,"column":54}},"2":{"start":{"line":15,"column":6},"end":{"line":15,"column":19}},"3":{"start":{"line":17,"column":6},"end":{"line":17,"column":33}},"4":{"start":{"line":22,"column":4},"end":{"line":30,"column":5}},"5":{"start":{"line":23,"column":6},"end":{"line":26,"column":7}},"6":{"start":{"line":24,"column":21},"end":{"line":24,"column":58}},"7":{"start":{"line":25,"column":8},"end":{"line":25,"column":20}},"8":{"start":{"line":27,"column":6},"end":{"line":27,"column":32}},"9":{"start":{"line":29,"column":6},"end":{"line":29,"column":33}},"10":{"start":{"line":34,"column":4},"end":{"line":39,"column":5}},"11":{"start":{"line":35,"column":23},"end":{"line":35,"column":61}},"12":{"start":{"line":36,"column":6},"end":{"line":36,"column":22}},"13":{"start":{"line":38,"column":6},"end":{"line":38,"column":33}},"14":{"start":{"line":43,"column":4},"end":{"line":51,"column":5}},"15":{"start":{"line":44,"column":6},"end":{"line":47,"column":7}},"16":{"start":{"line":45,"column":28},"end":{"line":45,"column":70}},"17":{"start":{"line":46,"column":8},"end":{"line":46,"column":27}},"18":{"start":{"line":48,"column":6},"end":{"line":48,"column":32}},"19":{"start":{"line":50,"column":6},"end":{"line":50,"column":33}},"20":{"start":{"line":55,"column":4},"end":{"line":63,"column":5}},"21":{"start":{"line":56,"column":6},"end":{"line":59,"column":7}},"22":{"start":{"line":57,"column":28},"end":{"line":57,"column":64}},"23":{"start":{"line":58,"column":8},"end":{"line":58,"column":27}},"24":{"start":{"line":60,"column":6},"end":{"line":60,"column":32}},"25":{"start":{"line":62,"column":6},"end":{"line":62,"column":33}}},"fnMap":{"0":{"name":"(anonymous_0)","decl":{"start":{"line":9,"column":2},"end":{"line":9,"column":3}},"loc":{"start":{"line":9,"column":63},"end":{"line":9,"column":65}},"line":9},"1":{"name":"(anonymous_1)","decl":{"start":{"line":11,"column":2},"end":{"line":11,"column":3}},"loc":{"start":{"line":11,"column":49},"end":{"line":19,"column":3}},"line":11},"2":{"name":"(anonymous_2)","decl":{"start":{"line":21,"column":2},"end":{"line":21,"column":3}},"loc":{"start":{"line":21,"column":58},"end":{"line":31,"column":3}},"line":21},"3":{"name":"(anonymous_3)","decl":{"start":{"line":33,"column":2},"end":{"line":33,"column":3}},"loc":{"start":{"line":33,"column":57},"end":{"line":40,"column":3}},"line":33},"4":{"name":"(anonymous_4)","decl":{"start":{"line":42,"column":2},"end":{"line":42,"column":3}},"loc":{"start":{"line":42,"column":69},"end":{"line":52,"column":3}},"line":42},"5":{"name":"(anonymous_5)","decl":{"start":{"line":54,"column":2},"end":{"line":54,"column":3}},"loc":{"start":{"line":54,"column":57},"end":{"line":64,"column":3}},"line":54}},"branchMap":{"0":{"loc":{"start":{"line":23,"column":6},"end":{"line":26,"column":7}},"type":"if","locations":[{"start":{"line":23,"column":6},"end":{"line":26,"column":7}},{"start":{},"end":{}}],"line":23},"1":{"loc":{"start":{"line":44,"column":6},"end":{"line":47,"column":7}},"type":"if","locations":[{"start":{"line":44,"column":6},"end":{"line":47,"column":7}},{"start":{},"end":{}}],"line":44},"2":{"loc":{"start":{"line":56,"column":6},"end":{"line":59,"column":7}},"type":"if","locations":[{"start":{"line":56,"column":6},"end":{"line":59,"column":7}},{"start":{},"end":{}}],"line":56}},"s":{"0":4,"1":4,"2":3,"3":1,"4":4,"5":4,"6":3,"7":2,"8":1,"9":1,"10":3,"11":3,"12":2,"13":1,"14":4,"15":4,"16":3,"17":2,"18":1,"19":1,"20":4,"21":4,"22":3,"23":2,"24":1,"25":1},"f":{"0":3,"1":4,"2":4,"3":3,"4":4,"5":4},"b":{"0":[3,1],"1":[3,1],"2":[3,1]},"_coverageSchema":"1a1c01bbd47fc00a2c39e90264f33305004495a9","hash":"f6957f127e3fa6a018140792c1757d481499da6a"}
,"C:\\Users\\Sam\\Desktop\\CRUD Koa-graphql\\src\\user\\utils\\user.body.validator.ts": {"path":"C:\\Users\\Sam\\Desktop\\CRUD Koa-graphql\\src\\user\\utils\\user.body.validator.ts","statementMap":{"0":{"start":{"line":4,"column":15},"end":{"line":9,"column":3}},"1":{"start":{"line":11,"column":19},"end":{"line":11,"column":39}},"2":{"start":{"line":12,"column":19},"end":{"line":12,"column":43}},"3":{"start":{"line":14,"column":2},"end":{"line":16,"column":3}},"4":{"start":{"line":15,"column":4},"end":{"line":15,"column":16}},"5":{"start":{"line":17,"column":2},"end":{"line":17,"column":15}}},"fnMap":{"0":{"name":"invalidBody","decl":{"start":{"line":3,"column":16},"end":{"line":3,"column":27}},"loc":{"start":{"line":3,"column":42},"end":{"line":18,"column":1}},"line":3}},"branchMap":{"0":{"loc":{"start":{"line":14,"column":2},"end":{"line":16,"column":3}},"type":"if","locations":[{"start":{"line":14,"column":2},"end":{"line":16,"column":3}},{"start":{},"end":{}}],"line":14}},"s":{"0":6,"1":6,"2":6,"3":6,"4":1,"5":5},"f":{"0":6},"b":{"0":[1,5]},"_coverageSchema":"1a1c01bbd47fc00a2c39e90264f33305004495a9","hash":"044bb8cc7f14e85ebb25abdfac2e775754057412"}
,"C:\\Users\\Sam\\Desktop\\CRUD Koa-graphql\\src\\user\\utils\\user.regex.ts": {"path":"C:\\Users\\Sam\\Desktop\\CRUD Koa-graphql\\src\\user\\utils\\user.regex.ts","statementMap":{"0":{"start":{"line":2,"column":2},"end":{"line":2,"column":153}}},"fnMap":{},"branchMap":{},"s":{"0":3},"f":{},"b":{},"_coverageSchema":"1a1c01bbd47fc00a2c39e90264f33305004495a9","hash":"18909d05caa8e60636e8a3d1cd8dbdf26581da60"}
}
