TN:
SF:src\global.utils\error.handler.ts
FN:8,promiseError
FN:24,invalidIdError
FNF:2
FNH:2
FNDA:6,promiseError
FNDA:4,invalidIdError
DA:9,6
DA:25,4
LF:2
LH:2
BRF:0
BRH:0
end_of_record
TN:
SF:src\global.utils\status.code.ts
FNF:0
FNH:0
LF:0
LH:0
BRF:0
BRH:0
end_of_record
TN:
SF:src\user\controllers\user.controller.ts
FN:8,(anonymous_0)
FN:10,(anonymous_1)
FN:20,(anonymous_2)
FN:36,(anonymous_3)
FN:55,(anonymous_4)
FN:81,(anonymous_5)
FNF:6
FNH:6
FNDA:3,(anonymous_0)
FNDA:2,(anonymous_1)
FNDA:2,(anonymous_2)
FNDA:2,(anonymous_3)
FNDA:2,(anonymous_4)
FNDA:2,(anonymous_5)
DA:11,2
DA:13,2
DA:14,1
DA:15,1
DA:17,1
DA:21,2
DA:23,2
DA:24,1
DA:25,1
DA:28,1
DA:29,0
DA:30,0
DA:33,1
DA:37,2
DA:38,0
DA:39,0
DA:42,2
DA:43,2
DA:45,2
DA:46,2
DA:47,2
DA:48,1
DA:51,2
DA:56,2
DA:57,0
DA:58,0
DA:61,2
DA:62,2
DA:64,2
DA:65,2
DA:67,2
DA:68,0
DA:69,0
DA:72,2
DA:73,0
DA:74,0
DA:77,2
DA:82,2
DA:84,2
DA:85,0
DA:88,2
DA:89,0
DA:92,2
LF:43
LH:31
BRDA:13,0,0,1
BRDA:13,0,1,1
BRDA:23,1,0,1
BRDA:23,1,1,1
BRDA:28,2,0,0
BRDA:28,2,1,1
BRDA:37,3,0,0
BRDA:37,3,1,2
BRDA:45,4,0,2
BRDA:45,4,1,0
BRDA:47,5,0,1
BRDA:47,5,1,1
BRDA:56,6,0,0
BRDA:56,6,1,2
BRDA:64,7,0,2
BRDA:64,7,1,0
BRDA:67,8,0,0
BRDA:67,8,1,2
BRDA:72,9,0,0
BRDA:72,9,1,2
BRDA:84,10,0,0
BRDA:84,10,1,2
BRDA:88,11,0,0
BRDA:88,11,1,2
BRF:24
BRH:15
end_of_record
TN:
SF:src\user\dtos\user.dto.ts
FN:17,(anonymous_0)
FN:24,(anonymous_1)
FN:30,(anonymous_2)
FN:36,(anonymous_3)
FN:42,(anonymous_4)
FNF:5
FNH:5
FNDA:9,(anonymous_0)
FNDA:9,(anonymous_1)
FNDA:8,(anonymous_2)
FNDA:7,(anonymous_3)
FNDA:6,(anonymous_4)
DA:18,9
DA:19,8
DA:20,7
DA:21,6
DA:25,9
DA:26,8
DA:28,1
DA:31,8
DA:32,7
DA:34,1
DA:37,7
DA:38,6
DA:40,1
DA:43,6
DA:44,5
DA:46,1
LF:16
LH:16
BRDA:25,0,0,8
BRDA:25,0,1,1
BRDA:31,1,0,7
BRDA:31,1,1,1
BRDA:37,2,0,6
BRDA:37,2,1,1
BRDA:43,3,0,5
BRDA:43,3,1,1
BRF:8
BRH:8
end_of_record
TN:
SF:src\user\factories\user.factory.ts
FN:6,userFactory
FNF:1
FNH:1
FNDA:2,userFactory
DA:7,2
DA:8,2
DA:9,2
DA:10,2
DA:13,1
LF:5
LH:5
BRF:0
BRH:0
end_of_record
TN:
SF:src\user\models\user.model.ts
FNF:0
FNH:0
DA:4,3
DA:25,3
LF:2
LH:2
BRF:0
BRH:0
end_of_record
TN:
SF:src\user\repositories\user.repository.ts
FN:5,(anonymous_0)
FN:7,(anonymous_1)
FN:15,(anonymous_2)
FN:23,(anonymous_3)
FN:27,(anonymous_4)
FN:37,(anonymous_5)
FNF:6
FNH:6
FNDA:5,(anonymous_0)
FNDA:3,(anonymous_1)
FNDA:3,(anonymous_2)
FNDA:2,(anonymous_3)
FNDA:3,(anonymous_4)
FNDA:3,(anonymous_5)
DA:8,3
DA:9,3
DA:10,0
DA:12,3
DA:16,3
DA:17,3
DA:18,1
DA:20,2
DA:24,2
DA:28,3
DA:31,3
DA:32,1
DA:34,2
DA:38,3
DA:39,3
DA:40,1
DA:42,2
DA:46,2
LF:18
LH:17
BRDA:9,0,0,0
BRDA:9,0,1,3
BRDA:17,1,0,1
BRDA:17,1,1,2
BRDA:31,2,0,1
BRDA:31,2,1,2
BRDA:39,3,0,1
BRDA:39,3,1,2
BRF:8
BRH:7
end_of_record
TN:
SF:src\user\services\user.service.ts
FN:9,(anonymous_0)
FN:11,(anonymous_1)
FN:21,(anonymous_2)
FN:33,(anonymous_3)
FN:42,(anonymous_4)
FN:54,(anonymous_5)
FNF:6
FNH:6
FNDA:3,(anonymous_0)
FNDA:4,(anonymous_1)
FNDA:4,(anonymous_2)
FNDA:3,(anonymous_3)
FNDA:4,(anonymous_4)
FNDA:4,(anonymous_5)
DA:12,4
DA:13,4
DA:15,3
DA:17,1
DA:22,4
DA:23,4
DA:24,3
DA:25,2
DA:27,1
DA:29,1
DA:34,3
DA:35,3
DA:36,2
DA:38,1
DA:43,4
DA:44,4
DA:45,3
DA:46,2
DA:48,1
DA:50,1
DA:55,4
DA:56,4
DA:57,3
DA:58,2
DA:60,1
DA:62,1
LF:26
LH:26
BRDA:23,0,0,3
BRDA:23,0,1,1
BRDA:44,1,0,3
BRDA:44,1,1,1
BRDA:56,2,0,3
BRDA:56,2,1,1
BRF:6
BRH:6
end_of_record
TN:
SF:src\user\utils\user.body.validator.ts
FN:3,invalidBody
FNF:1
FNH:1
FNDA:6,invalidBody
DA:4,6
DA:11,6
DA:12,6
DA:14,6
DA:15,1
DA:17,5
LF:6
LH:6
BRDA:14,0,0,1
BRDA:14,0,1,5
BRF:2
BRH:2
end_of_record
TN:
SF:src\user\utils\user.regex.ts
FNF:0
FNH:0
DA:2,3
LF:1
LH:1
BRF:0
BRH:0
end_of_record
